[0.017s] Invoking command in '/home/ros/ROS2/IMU_ws/build/IMU_pkg': CMAKE_PREFIX_PATH=/opt/ros/humble /usr/bin/cmake --build /home/ros/ROS2/IMU_ws/build/IMU_pkg -- -j8 -l8
[0.066s] [35m[1mConsolidate compiler generated dependencies of target IMU_node[0m
[0.100s] [ 33%] [32mBuilding CXX object CMakeFiles/IMU_node.dir/src/IMUSerialReader.cpp.o[0m
[4.127s] [01m[K/home/ros/ROS2/IMU_ws/src/IMU_pkg/src/IMUSerialReader.cpp:[m[K In destructor â€˜[01m[Kvirtual IMUSerialReader::~IMUSerialReader()[m[Kâ€™:
[4.127s] [01m[K/home/ros/ROS2/IMU_ws/src/IMU_pkg/src/IMUSerialReader.cpp:53:43:[m[K [01;31m[Kerror: [m[Kâ€˜[01m[Kclass drivers::serial_driver::SerialDriver[m[Kâ€™ has no member named â€˜[01m[Kport_is_open[m[Kâ€™
[4.127s]    53 |     if (serial_driver_ && serial_driver_->[01;31m[Kport_is_open[m[K()) {  // ä¿®æ”¹: ä½¿ç”¨port_is_open()æ›¿ä»£is_open()
[4.127s]       |                                           [01;31m[K^~~~~~~~~~~~[m[K
[4.127s] [01m[K/home/ros/ROS2/IMU_ws/src/IMU_pkg/src/IMUSerialReader.cpp:54:25:[m[K [01;31m[Kerror: [m[Kâ€˜[01m[Kclass drivers::serial_driver::SerialDriver[m[Kâ€™ has no member named â€˜[01m[Kclose_port[m[Kâ€™
[4.127s]    54 |         serial_driver_->[01;31m[Kclose_port[m[K();  // ä¿®æ”¹: ä½¿ç”¨close_port()æ›¿ä»£close()
[4.127s]       |                         [01;31m[K^~~~~~~~~~[m[K
[5.130s] gmake[2]: *** [CMakeFiles/IMU_node.dir/build.make:90: CMakeFiles/IMU_node.dir/src/IMUSerialReader.cpp.o] Error 1
[5.130s] gmake[1]: *** [CMakeFiles/Makefile2:137: CMakeFiles/IMU_node.dir/all] Error 2
[5.130s] gmake: *** [Makefile:146: all] Error 2
[5.133s] Invoked command in '/home/ros/ROS2/IMU_ws/build/IMU_pkg' returned '2': CMAKE_PREFIX_PATH=/opt/ros/humble /usr/bin/cmake --build /home/ros/ROS2/IMU_ws/build/IMU_pkg -- -j8 -l8
