[0.016s] Invoking command in '/home/ros/ROS2/IMU_ws/build/IMU_pkg': CMAKE_PREFIX_PATH=/opt/ros/humble /usr/bin/cmake --build /home/ros/ROS2/IMU_ws/build/IMU_pkg -- -j8 -l8
[0.067s] [35m[1mConsolidate compiler generated dependencies of target IMU_node[0m
[0.101s] [ 33%] [32mBuilding CXX object CMakeFiles/IMU_node.dir/src/IMU_node.cpp.o[0m
[0.101s] [ 66%] [32mBuilding CXX object CMakeFiles/IMU_node.dir/src/IMUSerialReader.cpp.o[0m
[4.211s] [01m[K/home/ros/ROS2/IMU_ws/src/IMU_pkg/src/IMUSerialReader.cpp:5:1:[m[K [01;31m[Kerror: [m[Kdefault argument given for parameter 3 of â€˜[01m[KIMUSerialReader::IMUSerialReader(std::string, int, std::string)[m[Kâ€™
[4.211s]     5 | [01;31m[KIMUSerialReader[m[K::IMUSerialReader(std::string serial_port, int serial_baud,
[4.212s]       | [01;31m[K^~~~~~~~~~~~~~~[m[K
[4.212s] In file included from [01m[K/home/ros/ROS2/IMU_ws/src/IMU_pkg/src/IMUSerialReader.cpp:1[m[K:
[4.212s] [01m[K/home/ros/ROS2/IMU_ws/src/IMU_pkg/src/../include/IMU_pkg/IMUSerialReader.h:17:5:[m[K [01;36m[Knote: [m[Kprevious specification in â€˜[01m[KIMUSerialReader::IMUSerialReader(std::string, int, std::string)[m[Kâ€™ here
[4.212s]    17 |     [01;36m[KIMUSerialReader[m[K(std::string serial_port, int serial_baud,
[4.212s]       |     [01;36m[K^~~~~~~~~~~~~~~[m[K
[5.228s] gmake[2]: *** [CMakeFiles/IMU_node.dir/build.make:90: CMakeFiles/IMU_node.dir/src/IMUSerialReader.cpp.o] Error 1
[5.228s] gmake[1]: *** [CMakeFiles/Makefile2:137: CMakeFiles/IMU_node.dir/all] Error 2
[5.228s] gmake: *** [Makefile:146: all] Error 2
[5.232s] Invoked command in '/home/ros/ROS2/IMU_ws/build/IMU_pkg' returned '2': CMAKE_PREFIX_PATH=/opt/ros/humble /usr/bin/cmake --build /home/ros/ROS2/IMU_ws/build/IMU_pkg -- -j8 -l8
