[0.016s] Invoking command in '/home/ros/ROS2/IMU_ws/build/IMU_pkg': CMAKE_PREFIX_PATH=/opt/ros/humble /usr/bin/cmake --build /home/ros/ROS2/IMU_ws/build/IMU_pkg -- -j8 -l8
[0.063s] [35m[1mConsolidate compiler generated dependencies of target IMU_node[0m
[0.098s] [ 33%] [32mBuilding CXX object CMakeFiles/IMU_node.dir/src/IMUSerialReader.cpp.o[0m
[3.956s] [01m[K/home/ros/ROS2/IMU_ws/src/IMU_pkg/src/IMUSerialReader.cpp:[m[K In constructor â€˜[01m[KIMUSerialReader::IMUSerialReader()[m[Kâ€™:
[3.956s] [01m[K/home/ros/ROS2/IMU_ws/src/IMU_pkg/src/IMUSerialReader.cpp:29:25:[m[K [01;31m[Kerror: [m[Kâ€˜[01m[Kclass drivers::serial_driver::SerialDriver[m[Kâ€™ has no member named â€˜[01m[Kopen[m[Kâ€™
[3.956s]    29 |         serial_driver_->[01;31m[Kopen[m[K();
[3.956s]       |                         [01;31m[K^~~~[m[K
[3.970s] [01m[K/home/ros/ROS2/IMU_ws/src/IMU_pkg/src/IMUSerialReader.cpp:[m[K In destructor â€˜[01m[Kvirtual IMUSerialReader::~IMUSerialReader()[m[Kâ€™:
[3.970s] [01m[K/home/ros/ROS2/IMU_ws/src/IMU_pkg/src/IMUSerialReader.cpp:53:43:[m[K [01;31m[Kerror: [m[Kâ€˜[01m[Kclass drivers::serial_driver::SerialDriver[m[Kâ€™ has no member named â€˜[01m[Kis_open[m[Kâ€™
[3.970s]    53 |     if (serial_driver_ && serial_driver_->[01;31m[Kis_open[m[K()) {
[3.971s]       |                                           [01;31m[K^~~~~~~[m[K
[3.971s] [01m[K/home/ros/ROS2/IMU_ws/src/IMU_pkg/src/IMUSerialReader.cpp:54:25:[m[K [01;31m[Kerror: [m[Kâ€˜[01m[Kclass drivers::serial_driver::SerialDriver[m[Kâ€™ has no member named â€˜[01m[Kclose[m[Kâ€™
[3.971s]    54 |         serial_driver_->[01;31m[Kclose[m[K();
[3.971s]       |                         [01;31m[K^~~~~[m[K
[4.995s] gmake[2]: *** [CMakeFiles/IMU_node.dir/build.make:90: CMakeFiles/IMU_node.dir/src/IMUSerialReader.cpp.o] Error 1
[4.995s] gmake[1]: *** [CMakeFiles/Makefile2:137: CMakeFiles/IMU_node.dir/all] Error 2
[4.996s] gmake: *** [Makefile:146: all] Error 2
[4.999s] Invoked command in '/home/ros/ROS2/IMU_ws/build/IMU_pkg' returned '2': CMAKE_PREFIX_PATH=/opt/ros/humble /usr/bin/cmake --build /home/ros/ROS2/IMU_ws/build/IMU_pkg -- -j8 -l8
