[0.018s] Invoking command in '/home/ros/ROS2/IMU_ws/build/IMU_pkg': CMAKE_PREFIX_PATH=/opt/ros/humble /usr/bin/cmake --build /home/ros/ROS2/IMU_ws/build/IMU_pkg -- -j8 -l8
[0.065s] [35m[1mConsolidate compiler generated dependencies of target IMU_node[0m
[0.100s] [ 66%] [32mBuilding CXX object CMakeFiles/IMU_node.dir/src/IMUSerialReader.cpp.o[0m
[0.100s] [ 66%] [32mBuilding CXX object CMakeFiles/IMU_node.dir/src/IMU_node.cpp.o[0m
[4.212s] In file included from [01m[K/home/ros/ROS2/IMU_ws/src/IMU_pkg/src/IMU_node.cpp:6[m[K:
[4.212s] [01m[K/home/ros/ROS2/IMU_ws/src/IMU_pkg/src/../include/IMU_pkg/IMUSerialReader.h:25:10:[m[K [01;31m[Kerror: [m[Kâ€˜[01m[Kvoid IMUSerialReader::readSerialData()[m[Kâ€™ cannot be overloaded with â€˜[01m[Kvoid IMUSerialReader::readSerialData()[m[Kâ€™
[4.213s]    25 |     void [01;31m[KreadSerialData[m[K();
[4.213s]       |          [01;31m[K^~~~~~~~~~~~~~[m[K
[4.213s] [01m[K/home/ros/ROS2/IMU_ws/src/IMU_pkg/src/../include/IMU_pkg/IMUSerialReader.h:21:10:[m[K [01;36m[Knote: [m[Kprevious declaration â€˜[01m[Kvoid IMUSerialReader::readSerialData()[m[Kâ€™
[4.213s]    21 |     void [01;36m[KreadSerialData[m[K();
[4.213s]       |          [01;36m[K^~~~~~~~~~~~~~[m[K
[4.255s] In file included from [01m[K/home/ros/ROS2/IMU_ws/src/IMU_pkg/src/IMUSerialReader.cpp:1[m[K:
[4.255s] [01m[K/home/ros/ROS2/IMU_ws/src/IMU_pkg/src/../include/IMU_pkg/IMUSerialReader.h:25:10:[m[K [01;31m[Kerror: [m[Kâ€˜[01m[Kvoid IMUSerialReader::readSerialData()[m[Kâ€™ cannot be overloaded with â€˜[01m[Kvoid IMUSerialReader::readSerialData()[m[Kâ€™
[4.255s]    25 |     void [01;31m[KreadSerialData[m[K();
[4.255s]       |          [01;31m[K^~~~~~~~~~~~~~[m[K
[4.255s] [01m[K/home/ros/ROS2/IMU_ws/src/IMU_pkg/src/../include/IMU_pkg/IMUSerialReader.h:21:10:[m[K [01;36m[Knote: [m[Kprevious declaration â€˜[01m[Kvoid IMUSerialReader::readSerialData()[m[Kâ€™
[4.255s]    21 |     void [01;36m[KreadSerialData[m[K();
[4.255s]       |          [01;36m[K^~~~~~~~~~~~~~[m[K
[4.863s] gmake[2]: *** [CMakeFiles/IMU_node.dir/build.make:76: CMakeFiles/IMU_node.dir/src/IMU_node.cpp.o] Error 1
[4.863s] gmake[2]: *** Waiting for unfinished jobs....
[5.332s] gmake[2]: *** [CMakeFiles/IMU_node.dir/build.make:90: CMakeFiles/IMU_node.dir/src/IMUSerialReader.cpp.o] Error 1
[5.332s] gmake[1]: *** [CMakeFiles/Makefile2:137: CMakeFiles/IMU_node.dir/all] Error 2
[5.333s] gmake: *** [Makefile:146: all] Error 2
[5.337s] Invoked command in '/home/ros/ROS2/IMU_ws/build/IMU_pkg' returned '2': CMAKE_PREFIX_PATH=/opt/ros/humble /usr/bin/cmake --build /home/ros/ROS2/IMU_ws/build/IMU_pkg -- -j8 -l8
